<?xml version="1.0" encoding="UTF-8"?>
<!-- Generated by org.testng.reporters.JUnitReportReporter -->
<testsuite hostname="LAPTOP-NA3OQ0PP" failures="0" tests="1" name="com.firstproject.QA.TestCases.RegistrationTest" time="0.644" errors="0" timestamp="19 Jan 2023 05:42:36 GMT">
  <testcase classname="com.firstproject.QA.TestCases.RegistrationTest" name="FbRegistrationPageTest" time="0.644"/>
</testsuite>
